  Config.h
  InputManager.cpp
  MainEngine.cpp
  EngineGame.cpp
  ExampleGame.cpp
  RenderingEngine.cpp
  RenderWindow.cpp
  WindowsInput.cpp
  WinMain.cpp
C:\Program Files (x86)\Microsoft DirectX SDK (June 2010)\Include\dxgitype.h(12,1): warning C4005: 'DXGI_STATUS_OCCLUDED': macro redefinition (compiling source file RenderingEngine.cpp)
C:\Program Files (x86)\Windows Kits\10\Include\10.0.18362.0\shared\winerror.h(55840): message : see previous definition of 'DXGI_STATUS_OCCLUDED' (compiling source file RenderingEngine.cpp)
C:\Program Files (x86)\Microsoft DirectX SDK (June 2010)\Include\dxgitype.h(13,1): warning C4005: 'DXGI_STATUS_CLIPPED': macro redefinition (compiling source file RenderingEngine.cpp)
C:\Program Files (x86)\Windows Kits\10\Include\10.0.18362.0\shared\winerror.h(55849): message : see previous definition of 'DXGI_STATUS_CLIPPED' (compiling source file RenderingEngine.cpp)
C:\Program Files (x86)\Microsoft DirectX SDK (June 2010)\Include\dxgitype.h(14,1): warning C4005: 'DXGI_STATUS_NO_REDIRECTION': macro redefinition (compiling source file RenderingEngine.cpp)
C:\Program Files (x86)\Windows Kits\10\Include\10.0.18362.0\shared\winerror.h(55858): message : see previous definition of 'DXGI_STATUS_NO_REDIRECTION' (compiling source file RenderingEngine.cpp)
C:\Program Files (x86)\Microsoft DirectX SDK (June 2010)\Include\dxgitype.h(15,1): warning C4005: 'DXGI_STATUS_NO_DESKTOP_ACCESS': macro redefinition (compiling source file RenderingEngine.cpp)
C:\Program Files (x86)\Windows Kits\10\Include\10.0.18362.0\shared\winerror.h(55867): message : see previous definition of 'DXGI_STATUS_NO_DESKTOP_ACCESS' (compiling source file RenderingEngine.cpp)
C:\Program Files (x86)\Microsoft DirectX SDK (June 2010)\Include\dxgitype.h(16,1): warning C4005: 'DXGI_STATUS_GRAPHICS_VIDPN_SOURCE_IN_USE': macro redefinition (compiling source file RenderingEngine.cpp)
C:\Program Files (x86)\Windows Kits\10\Include\10.0.18362.0\shared\winerror.h(55876): message : see previous definition of 'DXGI_STATUS_GRAPHICS_VIDPN_SOURCE_IN_USE' (compiling source file RenderingEngine.cpp)
C:\Program Files (x86)\Microsoft DirectX SDK (June 2010)\Include\dxgitype.h(17,1): warning C4005: 'DXGI_STATUS_MODE_CHANGED': macro redefinition (compiling source file RenderingEngine.cpp)
C:\Program Files (x86)\Windows Kits\10\Include\10.0.18362.0\shared\winerror.h(55885): message : see previous definition of 'DXGI_STATUS_MODE_CHANGED' (compiling source file RenderingEngine.cpp)
C:\Program Files (x86)\Microsoft DirectX SDK (June 2010)\Include\dxgitype.h(18,1): warning C4005: 'DXGI_STATUS_MODE_CHANGE_IN_PROGRESS': macro redefinition (compiling source file RenderingEngine.cpp)
C:\Program Files (x86)\Windows Kits\10\Include\10.0.18362.0\shared\winerror.h(55894): message : see previous definition of 'DXGI_STATUS_MODE_CHANGE_IN_PROGRESS' (compiling source file RenderingEngine.cpp)
C:\Program Files (x86)\Microsoft DirectX SDK (June 2010)\Include\dxgitype.h(21,1): warning C4005: 'DXGI_ERROR_INVALID_CALL': macro redefinition (compiling source file RenderingEngine.cpp)
C:\Program Files (x86)\Windows Kits\10\Include\10.0.18362.0\shared\winerror.h(55909): message : see previous definition of 'DXGI_ERROR_INVALID_CALL' (compiling source file RenderingEngine.cpp)
C:\Program Files (x86)\Microsoft DirectX SDK (June 2010)\Include\dxgitype.h(22,1): warning C4005: 'DXGI_ERROR_NOT_FOUND': macro redefinition (compiling source file RenderingEngine.cpp)
C:\Program Files (x86)\Windows Kits\10\Include\10.0.18362.0\shared\winerror.h(55918): message : see previous definition of 'DXGI_ERROR_NOT_FOUND' (compiling source file RenderingEngine.cpp)
C:\Program Files (x86)\Microsoft DirectX SDK (June 2010)\Include\dxgitype.h(23,1): warning C4005: 'DXGI_ERROR_MORE_DATA': macro redefinition (compiling source file RenderingEngine.cpp)
C:\Program Files (x86)\Windows Kits\10\Include\10.0.18362.0\shared\winerror.h(55927): message : see previous definition of 'DXGI_ERROR_MORE_DATA' (compiling source file RenderingEngine.cpp)
C:\Program Files (x86)\Microsoft DirectX SDK (June 2010)\Include\dxgitype.h(24,1): warning C4005: 'DXGI_ERROR_UNSUPPORTED': macro redefinition (compiling source file RenderingEngine.cpp)
C:\Program Files (x86)\Windows Kits\10\Include\10.0.18362.0\shared\winerror.h(55936): message : see previous definition of 'DXGI_ERROR_UNSUPPORTED' (compiling source file RenderingEngine.cpp)
C:\Program Files (x86)\Microsoft DirectX SDK (June 2010)\Include\dxgitype.h(25,1): warning C4005: 'DXGI_ERROR_DEVICE_REMOVED': macro redefinition (compiling source file RenderingEngine.cpp)
C:\Program Files (x86)\Windows Kits\10\Include\10.0.18362.0\shared\winerror.h(55945): message : see previous definition of 'DXGI_ERROR_DEVICE_REMOVED' (compiling source file RenderingEngine.cpp)
C:\Program Files (x86)\Microsoft DirectX SDK (June 2010)\Include\dxgitype.h(26,1): warning C4005: 'DXGI_ERROR_DEVICE_HUNG': macro redefinition (compiling source file RenderingEngine.cpp)
C:\Program Files (x86)\Windows Kits\10\Include\10.0.18362.0\shared\winerror.h(55954): message : see previous definition of 'DXGI_ERROR_DEVICE_HUNG' (compiling source file RenderingEngine.cpp)
C:\Program Files (x86)\Microsoft DirectX SDK (June 2010)\Include\dxgitype.h(27,1): warning C4005: 'DXGI_ERROR_DEVICE_RESET': macro redefinition (compiling source file RenderingEngine.cpp)
C:\Program Files (x86)\Windows Kits\10\Include\10.0.18362.0\shared\winerror.h(55964): message : see previous definition of 'DXGI_ERROR_DEVICE_RESET' (compiling source file RenderingEngine.cpp)
C:\Program Files (x86)\Microsoft DirectX SDK (June 2010)\Include\dxgitype.h(28,1): warning C4005: 'DXGI_ERROR_WAS_STILL_DRAWING': macro redefinition (compiling source file RenderingEngine.cpp)
C:\Program Files (x86)\Windows Kits\10\Include\10.0.18362.0\shared\winerror.h(55973): message : see previous definition of 'DXGI_ERROR_WAS_STILL_DRAWING' (compiling source file RenderingEngine.cpp)
C:\Program Files (x86)\Microsoft DirectX SDK (June 2010)\Include\dxgitype.h(29,1): warning C4005: 'DXGI_ERROR_FRAME_STATISTICS_DISJOINT': macro redefinition (compiling source file RenderingEngine.cpp)
C:\Program Files (x86)\Windows Kits\10\Include\10.0.18362.0\shared\winerror.h(55983): message : see previous definition of 'DXGI_ERROR_FRAME_STATISTICS_DISJOINT' (compiling source file RenderingEngine.cpp)
C:\Program Files (x86)\Microsoft DirectX SDK (June 2010)\Include\dxgitype.h(30,1): warning C4005: 'DXGI_ERROR_GRAPHICS_VIDPN_SOURCE_IN_USE': macro redefinition (compiling source file RenderingEngine.cpp)
C:\Program Files (x86)\Windows Kits\10\Include\10.0.18362.0\shared\winerror.h(55992): message : see previous definition of 'DXGI_ERROR_GRAPHICS_VIDPN_SOURCE_IN_USE' (compiling source file RenderingEngine.cpp)
C:\Program Files (x86)\Microsoft DirectX SDK (June 2010)\Include\dxgitype.h(31,1): warning C4005: 'DXGI_ERROR_DRIVER_INTERNAL_ERROR': macro redefinition (compiling source file RenderingEngine.cpp)
C:\Program Files (x86)\Windows Kits\10\Include\10.0.18362.0\shared\winerror.h(56002): message : see previous definition of 'DXGI_ERROR_DRIVER_INTERNAL_ERROR' (compiling source file RenderingEngine.cpp)
C:\Program Files (x86)\Microsoft DirectX SDK (June 2010)\Include\dxgitype.h(32,1): warning C4005: 'DXGI_ERROR_NONEXCLUSIVE': macro redefinition (compiling source file RenderingEngine.cpp)
C:\Program Files (x86)\Windows Kits\10\Include\10.0.18362.0\shared\winerror.h(56011): message : see previous definition of 'DXGI_ERROR_NONEXCLUSIVE' (compiling source file RenderingEngine.cpp)
C:\Program Files (x86)\Microsoft DirectX SDK (June 2010)\Include\dxgitype.h(33,1): warning C4005: 'DXGI_ERROR_NOT_CURRENTLY_AVAILABLE': macro redefinition (compiling source file RenderingEngine.cpp)
C:\Program Files (x86)\Windows Kits\10\Include\10.0.18362.0\shared\winerror.h(56020): message : see previous definition of 'DXGI_ERROR_NOT_CURRENTLY_AVAILABLE' (compiling source file RenderingEngine.cpp)
C:\Program Files (x86)\Microsoft DirectX SDK (June 2010)\Include\dxgitype.h(34,1): warning C4005: 'DXGI_ERROR_REMOTE_CLIENT_DISCONNECTED': macro redefinition (compiling source file RenderingEngine.cpp)
C:\Program Files (x86)\Windows Kits\10\Include\10.0.18362.0\shared\winerror.h(56030): message : see previous definition of 'DXGI_ERROR_REMOTE_CLIENT_DISCONNECTED' (compiling source file RenderingEngine.cpp)
C:\Program Files (x86)\Microsoft DirectX SDK (June 2010)\Include\dxgitype.h(35,1): warning C4005: 'DXGI_ERROR_REMOTE_OUTOFMEMORY': macro redefinition (compiling source file RenderingEngine.cpp)
C:\Program Files (x86)\Windows Kits\10\Include\10.0.18362.0\shared\winerror.h(56039): message : see previous definition of 'DXGI_ERROR_REMOTE_OUTOFMEMORY' (compiling source file RenderingEngine.cpp)
C:\Program Files (x86)\Microsoft DirectX SDK (June 2010)\Include\dxgitype.h(12,1): warning C4005: 'DXGI_STATUS_OCCLUDED': macro redefinition (compiling source file WinMain.cpp)
C:\Program Files (x86)\Windows Kits\10\Include\10.0.18362.0\shared\winerror.h(55840): message : see previous definition of 'DXGI_STATUS_OCCLUDED' (compiling source file WinMain.cpp)
C:\Program Files (x86)\Microsoft DirectX SDK (June 2010)\Include\dxgitype.h(13,1): warning C4005: 'DXGI_STATUS_CLIPPED': macro redefinition (compiling source file WinMain.cpp)
C:\Program Files (x86)\Windows Kits\10\Include\10.0.18362.0\shared\winerror.h(55849): message : see previous definition of 'DXGI_STATUS_CLIPPED' (compiling source file WinMain.cpp)
C:\Program Files (x86)\Microsoft DirectX SDK (June 2010)\Include\dxgitype.h(14,1): warning C4005: 'DXGI_STATUS_NO_REDIRECTION': macro redefinition (compiling source file WinMain.cpp)
C:\Program Files (x86)\Windows Kits\10\Include\10.0.18362.0\shared\winerror.h(55858): message : see previous definition of 'DXGI_STATUS_NO_REDIRECTION' (compiling source file WinMain.cpp)
C:\Program Files (x86)\Microsoft DirectX SDK (June 2010)\Include\dxgitype.h(15,1): warning C4005: 'DXGI_STATUS_NO_DESKTOP_ACCESS': macro redefinition (compiling source file WinMain.cpp)
C:\Program Files (x86)\Windows Kits\10\Include\10.0.18362.0\shared\winerror.h(55867): message : see previous definition of 'DXGI_STATUS_NO_DESKTOP_ACCESS' (compiling source file WinMain.cpp)
C:\Program Files (x86)\Microsoft DirectX SDK (June 2010)\Include\dxgitype.h(16,1): warning C4005: 'DXGI_STATUS_GRAPHICS_VIDPN_SOURCE_IN_USE': macro redefinition (compiling source file WinMain.cpp)
C:\Program Files (x86)\Windows Kits\10\Include\10.0.18362.0\shared\winerror.h(55876): message : see previous definition of 'DXGI_STATUS_GRAPHICS_VIDPN_SOURCE_IN_USE' (compiling source file WinMain.cpp)
C:\Program Files (x86)\Microsoft DirectX SDK (June 2010)\Include\dxgitype.h(17,1): warning C4005: 'DXGI_STATUS_MODE_CHANGED': macro redefinition (compiling source file WinMain.cpp)
C:\Program Files (x86)\Windows Kits\10\Include\10.0.18362.0\shared\winerror.h(55885): message : see previous definition of 'DXGI_STATUS_MODE_CHANGED' (compiling source file WinMain.cpp)
C:\Program Files (x86)\Microsoft DirectX SDK (June 2010)\Include\dxgitype.h(18,1): warning C4005: 'DXGI_STATUS_MODE_CHANGE_IN_PROGRESS': macro redefinition (compiling source file WinMain.cpp)
C:\Program Files (x86)\Windows Kits\10\Include\10.0.18362.0\shared\winerror.h(55894): message : see previous definition of 'DXGI_STATUS_MODE_CHANGE_IN_PROGRESS' (compiling source file WinMain.cpp)
C:\Program Files (x86)\Microsoft DirectX SDK (June 2010)\Include\dxgitype.h(21,1): warning C4005: 'DXGI_ERROR_INVALID_CALL': macro redefinition (compiling source file WinMain.cpp)
C:\Program Files (x86)\Windows Kits\10\Include\10.0.18362.0\shared\winerror.h(55909): message : see previous definition of 'DXGI_ERROR_INVALID_CALL' (compiling source file WinMain.cpp)
C:\Program Files (x86)\Microsoft DirectX SDK (June 2010)\Include\dxgitype.h(22,1): warning C4005: 'DXGI_ERROR_NOT_FOUND': macro redefinition (compiling source file WinMain.cpp)
C:\Program Files (x86)\Windows Kits\10\Include\10.0.18362.0\shared\winerror.h(55918): message : see previous definition of 'DXGI_ERROR_NOT_FOUND' (compiling source file WinMain.cpp)
C:\Program Files (x86)\Microsoft DirectX SDK (June 2010)\Include\dxgitype.h(23,1): warning C4005: 'DXGI_ERROR_MORE_DATA': macro redefinition (compiling source file WinMain.cpp)
C:\Program Files (x86)\Windows Kits\10\Include\10.0.18362.0\shared\winerror.h(55927): message : see previous definition of 'DXGI_ERROR_MORE_DATA' (compiling source file WinMain.cpp)
C:\Program Files (x86)\Microsoft DirectX SDK (June 2010)\Include\dxgitype.h(24,1): warning C4005: 'DXGI_ERROR_UNSUPPORTED': macro redefinition (compiling source file WinMain.cpp)
C:\Program Files (x86)\Windows Kits\10\Include\10.0.18362.0\shared\winerror.h(55936): message : see previous definition of 'DXGI_ERROR_UNSUPPORTED' (compiling source file WinMain.cpp)
C:\Program Files (x86)\Microsoft DirectX SDK (June 2010)\Include\dxgitype.h(25,1): warning C4005: 'DXGI_ERROR_DEVICE_REMOVED': macro redefinition (compiling source file WinMain.cpp)
C:\Program Files (x86)\Windows Kits\10\Include\10.0.18362.0\shared\winerror.h(55945): message : see previous definition of 'DXGI_ERROR_DEVICE_REMOVED' (compiling source file WinMain.cpp)
C:\Program Files (x86)\Microsoft DirectX SDK (June 2010)\Include\dxgitype.h(26,1): warning C4005: 'DXGI_ERROR_DEVICE_HUNG': macro redefinition (compiling source file WinMain.cpp)
C:\Program Files (x86)\Windows Kits\10\Include\10.0.18362.0\shared\winerror.h(55954): message : see previous definition of 'DXGI_ERROR_DEVICE_HUNG' (compiling source file WinMain.cpp)
C:\Program Files (x86)\Microsoft DirectX SDK (June 2010)\Include\dxgitype.h(27,1): warning C4005: 'DXGI_ERROR_DEVICE_RESET': macro redefinition (compiling source file WinMain.cpp)
C:\Program Files (x86)\Windows Kits\10\Include\10.0.18362.0\shared\winerror.h(55964): message : see previous definition of 'DXGI_ERROR_DEVICE_RESET' (compiling source file WinMain.cpp)
C:\Program Files (x86)\Microsoft DirectX SDK (June 2010)\Include\dxgitype.h(28,1): warning C4005: 'DXGI_ERROR_WAS_STILL_DRAWING': macro redefinition (compiling source file WinMain.cpp)
C:\Program Files (x86)\Windows Kits\10\Include\10.0.18362.0\shared\winerror.h(55973): message : see previous definition of 'DXGI_ERROR_WAS_STILL_DRAWING' (compiling source file WinMain.cpp)
C:\Program Files (x86)\Microsoft DirectX SDK (June 2010)\Include\dxgitype.h(29,1): warning C4005: 'DXGI_ERROR_FRAME_STATISTICS_DISJOINT': macro redefinition (compiling source file WinMain.cpp)
C:\Program Files (x86)\Windows Kits\10\Include\10.0.18362.0\shared\winerror.h(55983): message : see previous definition of 'DXGI_ERROR_FRAME_STATISTICS_DISJOINT' (compiling source file WinMain.cpp)
C:\Program Files (x86)\Microsoft DirectX SDK (June 2010)\Include\dxgitype.h(30,1): warning C4005: 'DXGI_ERROR_GRAPHICS_VIDPN_SOURCE_IN_USE': macro redefinition (compiling source file WinMain.cpp)
C:\Program Files (x86)\Windows Kits\10\Include\10.0.18362.0\shared\winerror.h(55992): message : see previous definition of 'DXGI_ERROR_GRAPHICS_VIDPN_SOURCE_IN_USE' (compiling source file WinMain.cpp)
C:\Program Files (x86)\Microsoft DirectX SDK (June 2010)\Include\dxgitype.h(31,1): warning C4005: 'DXGI_ERROR_DRIVER_INTERNAL_ERROR': macro redefinition (compiling source file WinMain.cpp)
C:\Program Files (x86)\Windows Kits\10\Include\10.0.18362.0\shared\winerror.h(56002): message : see previous definition of 'DXGI_ERROR_DRIVER_INTERNAL_ERROR' (compiling source file WinMain.cpp)
C:\Program Files (x86)\Microsoft DirectX SDK (June 2010)\Include\D3D11.h(917,1): warning C4005: 'D3D11_ERROR_TOO_MANY_UNIQUE_STATE_OBJECTS': macro redefinition (compiling source file RenderingEngine.cpp)
C:\Program Files (x86)\Windows Kits\10\Include\10.0.18362.0\shared\winerror.h(56303): message : see previous definition of 'D3D11_ERROR_TOO_MANY_UNIQUE_STATE_OBJECTS' (compiling source file RenderingEngine.cpp)
C:\Program Files (x86)\Microsoft DirectX SDK (June 2010)\Include\dxgitype.h(32,1): warning C4005: 'DXGI_ERROR_NONEXCLUSIVE': macro redefinition (compiling source file WinMain.cpp)
C:\Program Files (x86)\Windows Kits\10\Include\10.0.18362.0\shared\winerror.h(56011): message : see previous definition of 'DXGI_ERROR_NONEXCLUSIVE' (compiling source file WinMain.cpp)
C:\Program Files (x86)\Microsoft DirectX SDK (June 2010)\Include\D3D11.h(918,1): warning C4005: 'D3D11_ERROR_FILE_NOT_FOUND': macro redefinition (compiling source file RenderingEngine.cpp)
C:\Program Files (x86)\Windows Kits\10\Include\10.0.18362.0\shared\winerror.h(56312): message : see previous definition of 'D3D11_ERROR_FILE_NOT_FOUND' (compiling source file RenderingEngine.cpp)
C:\Program Files (x86)\Microsoft DirectX SDK (June 2010)\Include\dxgitype.h(33,1): warning C4005: 'DXGI_ERROR_NOT_CURRENTLY_AVAILABLE': macro redefinition (compiling source file WinMain.cpp)
C:\Program Files (x86)\Windows Kits\10\Include\10.0.18362.0\shared\winerror.h(56020): message : see previous definition of 'DXGI_ERROR_NOT_CURRENTLY_AVAILABLE' (compiling source file WinMain.cpp)
C:\Program Files (x86)\Microsoft DirectX SDK (June 2010)\Include\D3D11.h(919,1): warning C4005: 'D3D11_ERROR_TOO_MANY_UNIQUE_VIEW_OBJECTS': macro redefinition (compiling source file RenderingEngine.cpp)
C:\Program Files (x86)\Windows Kits\10\Include\10.0.18362.0\shared\winerror.h(56322): message : see previous definition of 'D3D11_ERROR_TOO_MANY_UNIQUE_VIEW_OBJECTS' (compiling source file RenderingEngine.cpp)
C:\Program Files (x86)\Microsoft DirectX SDK (June 2010)\Include\dxgitype.h(34,1): warning C4005: 'DXGI_ERROR_REMOTE_CLIENT_DISCONNECTED': macro redefinition (compiling source file WinMain.cpp)
C:\Program Files (x86)\Windows Kits\10\Include\10.0.18362.0\shared\winerror.h(56030): message : see previous definition of 'DXGI_ERROR_REMOTE_CLIENT_DISCONNECTED' (compiling source file WinMain.cpp)
C:\Program Files (x86)\Microsoft DirectX SDK (June 2010)\Include\D3D11.h(920,1): warning C4005: 'D3D11_ERROR_DEFERRED_CONTEXT_MAP_WITHOUT_INITIAL_DISCARD': macro redefinition (compiling source file RenderingEngine.cpp)
C:\Program Files (x86)\Windows Kits\10\Include\10.0.18362.0\shared\winerror.h(56331): message : see previous definition of 'D3D11_ERROR_DEFERRED_CONTEXT_MAP_WITHOUT_INITIAL_DISCARD' (compiling source file RenderingEngine.cpp)
C:\Program Files (x86)\Microsoft DirectX SDK (June 2010)\Include\dxgitype.h(35,1): warning C4005: 'DXGI_ERROR_REMOTE_OUTOFMEMORY': macro redefinition (compiling source file WinMain.cpp)
C:\Program Files (x86)\Windows Kits\10\Include\10.0.18362.0\shared\winerror.h(56039): message : see previous definition of 'DXGI_ERROR_REMOTE_OUTOFMEMORY' (compiling source file WinMain.cpp)
C:\Program Files (x86)\Microsoft DirectX SDK (June 2010)\Include\D3D11.h(917,1): warning C4005: 'D3D11_ERROR_TOO_MANY_UNIQUE_STATE_OBJECTS': macro redefinition (compiling source file WinMain.cpp)
C:\Program Files (x86)\Windows Kits\10\Include\10.0.18362.0\shared\winerror.h(56303): message : see previous definition of 'D3D11_ERROR_TOO_MANY_UNIQUE_STATE_OBJECTS' (compiling source file WinMain.cpp)
C:\Program Files (x86)\Microsoft DirectX SDK (June 2010)\Include\D3D11.h(918,1): warning C4005: 'D3D11_ERROR_FILE_NOT_FOUND': macro redefinition (compiling source file WinMain.cpp)
C:\Program Files (x86)\Windows Kits\10\Include\10.0.18362.0\shared\winerror.h(56312): message : see previous definition of 'D3D11_ERROR_FILE_NOT_FOUND' (compiling source file WinMain.cpp)
C:\Program Files (x86)\Microsoft DirectX SDK (June 2010)\Include\D3D11.h(919,1): warning C4005: 'D3D11_ERROR_TOO_MANY_UNIQUE_VIEW_OBJECTS': macro redefinition (compiling source file WinMain.cpp)
C:\Program Files (x86)\Windows Kits\10\Include\10.0.18362.0\shared\winerror.h(56322): message : see previous definition of 'D3D11_ERROR_TOO_MANY_UNIQUE_VIEW_OBJECTS' (compiling source file WinMain.cpp)
C:\Program Files (x86)\Microsoft DirectX SDK (June 2010)\Include\D3D11.h(920,1): warning C4005: 'D3D11_ERROR_DEFERRED_CONTEXT_MAP_WITHOUT_INITIAL_DISCARD': macro redefinition (compiling source file WinMain.cpp)
C:\Program Files (x86)\Windows Kits\10\Include\10.0.18362.0\shared\winerror.h(56331): message : see previous definition of 'D3D11_ERROR_DEFERRED_CONTEXT_MAP_WITHOUT_INITIAL_DISCARD' (compiling source file WinMain.cpp)
C:\Program Files (x86)\Microsoft DirectX SDK (June 2010)\Include\d3d10.h(608,1): warning C4005: 'D3D10_ERROR_TOO_MANY_UNIQUE_STATE_OBJECTS': macro redefinition (compiling source file RenderingEngine.cpp)
C:\Program Files (x86)\Windows Kits\10\Include\10.0.18362.0\shared\winerror.h(56279): message : see previous definition of 'D3D10_ERROR_TOO_MANY_UNIQUE_STATE_OBJECTS' (compiling source file RenderingEngine.cpp)
C:\Program Files (x86)\Microsoft DirectX SDK (June 2010)\Include\d3d10.h(609,1): warning C4005: 'D3D10_ERROR_FILE_NOT_FOUND': macro redefinition (compiling source file RenderingEngine.cpp)
C:\Program Files (x86)\Windows Kits\10\Include\10.0.18362.0\shared\winerror.h(56288): message : see previous definition of 'D3D10_ERROR_FILE_NOT_FOUND' (compiling source file RenderingEngine.cpp)
C:\Program Files (x86)\Microsoft DirectX SDK (June 2010)\Include\d3d10.h(608,1): warning C4005: 'D3D10_ERROR_TOO_MANY_UNIQUE_STATE_OBJECTS': macro redefinition (compiling source file WinMain.cpp)
C:\Program Files (x86)\Windows Kits\10\Include\10.0.18362.0\shared\winerror.h(56279): message : see previous definition of 'D3D10_ERROR_TOO_MANY_UNIQUE_STATE_OBJECTS' (compiling source file WinMain.cpp)
C:\Program Files (x86)\Microsoft DirectX SDK (June 2010)\Include\d3d10.h(609,1): warning C4005: 'D3D10_ERROR_FILE_NOT_FOUND': macro redefinition (compiling source file WinMain.cpp)
C:\Program Files (x86)\Windows Kits\10\Include\10.0.18362.0\shared\winerror.h(56288): message : see previous definition of 'D3D10_ERROR_FILE_NOT_FOUND' (compiling source file WinMain.cpp)
C:\Program Files (x86)\Microsoft DirectX SDK (June 2010)\Include\dxgitype.h(12,1): warning C4005: 'DXGI_STATUS_OCCLUDED': macro redefinition (compiling source file MainEngine.cpp)
C:\Program Files (x86)\Windows Kits\10\Include\10.0.18362.0\shared\winerror.h(55840): message : see previous definition of 'DXGI_STATUS_OCCLUDED' (compiling source file MainEngine.cpp)
C:\Program Files (x86)\Microsoft DirectX SDK (June 2010)\Include\dxgitype.h(13,1): warning C4005: 'DXGI_STATUS_CLIPPED': macro redefinition (compiling source file MainEngine.cpp)
C:\Program Files (x86)\Windows Kits\10\Include\10.0.18362.0\shared\winerror.h(55849): message : see previous definition of 'DXGI_STATUS_CLIPPED' (compiling source file MainEngine.cpp)
C:\Program Files (x86)\Microsoft DirectX SDK (June 2010)\Include\dxgitype.h(14,1): warning C4005: 'DXGI_STATUS_NO_REDIRECTION': macro redefinition (compiling source file MainEngine.cpp)
C:\Program Files (x86)\Windows Kits\10\Include\10.0.18362.0\shared\winerror.h(55858): message : see previous definition of 'DXGI_STATUS_NO_REDIRECTION' (compiling source file MainEngine.cpp)
C:\Program Files (x86)\Microsoft DirectX SDK (June 2010)\Include\dxgitype.h(15,1): warning C4005: 'DXGI_STATUS_NO_DESKTOP_ACCESS': macro redefinition (compiling source file MainEngine.cpp)
C:\Program Files (x86)\Windows Kits\10\Include\10.0.18362.0\shared\winerror.h(55867): message : see previous definition of 'DXGI_STATUS_NO_DESKTOP_ACCESS' (compiling source file MainEngine.cpp)
C:\Program Files (x86)\Microsoft DirectX SDK (June 2010)\Include\dxgitype.h(16,1): warning C4005: 'DXGI_STATUS_GRAPHICS_VIDPN_SOURCE_IN_USE': macro redefinition (compiling source file MainEngine.cpp)
C:\Program Files (x86)\Windows Kits\10\Include\10.0.18362.0\shared\winerror.h(55876): message : see previous definition of 'DXGI_STATUS_GRAPHICS_VIDPN_SOURCE_IN_USE' (compiling source file MainEngine.cpp)
C:\Program Files (x86)\Microsoft DirectX SDK (June 2010)\Include\dxgitype.h(17,1): warning C4005: 'DXGI_STATUS_MODE_CHANGED': macro redefinition (compiling source file MainEngine.cpp)
C:\Program Files (x86)\Windows Kits\10\Include\10.0.18362.0\shared\winerror.h(55885): message : see previous definition of 'DXGI_STATUS_MODE_CHANGED' (compiling source file MainEngine.cpp)
C:\Program Files (x86)\Microsoft DirectX SDK (June 2010)\Include\dxgitype.h(18,1): warning C4005: 'DXGI_STATUS_MODE_CHANGE_IN_PROGRESS': macro redefinition (compiling source file MainEngine.cpp)
C:\Program Files (x86)\Windows Kits\10\Include\10.0.18362.0\shared\winerror.h(55894): message : see previous definition of 'DXGI_STATUS_MODE_CHANGE_IN_PROGRESS' (compiling source file MainEngine.cpp)
C:\Program Files (x86)\Microsoft DirectX SDK (June 2010)\Include\dxgitype.h(21,1): warning C4005: 'DXGI_ERROR_INVALID_CALL': macro redefinition (compiling source file MainEngine.cpp)
C:\Program Files (x86)\Windows Kits\10\Include\10.0.18362.0\shared\winerror.h(55909): message : see previous definition of 'DXGI_ERROR_INVALID_CALL' (compiling source file MainEngine.cpp)
C:\Program Files (x86)\Microsoft DirectX SDK (June 2010)\Include\dxgitype.h(22,1): warning C4005: 'DXGI_ERROR_NOT_FOUND': macro redefinition (compiling source file MainEngine.cpp)
C:\Program Files (x86)\Windows Kits\10\Include\10.0.18362.0\shared\winerror.h(55918): message : see previous definition of 'DXGI_ERROR_NOT_FOUND' (compiling source file MainEngine.cpp)
C:\Program Files (x86)\Microsoft DirectX SDK (June 2010)\Include\dxgitype.h(23,1): warning C4005: 'DXGI_ERROR_MORE_DATA': macro redefinition (compiling source file MainEngine.cpp)
C:\Program Files (x86)\Windows Kits\10\Include\10.0.18362.0\shared\winerror.h(55927): message : see previous definition of 'DXGI_ERROR_MORE_DATA' (compiling source file MainEngine.cpp)
C:\Program Files (x86)\Microsoft DirectX SDK (June 2010)\Include\dxgitype.h(24,1): warning C4005: 'DXGI_ERROR_UNSUPPORTED': macro redefinition (compiling source file MainEngine.cpp)
C:\Program Files (x86)\Windows Kits\10\Include\10.0.18362.0\shared\winerror.h(55936): message : see previous definition of 'DXGI_ERROR_UNSUPPORTED' (compiling source file MainEngine.cpp)
C:\Program Files (x86)\Microsoft DirectX SDK (June 2010)\Include\dxgitype.h(25,1): warning C4005: 'DXGI_ERROR_DEVICE_REMOVED': macro redefinition (compiling source file MainEngine.cpp)
C:\Program Files (x86)\Windows Kits\10\Include\10.0.18362.0\shared\winerror.h(55945): message : see previous definition of 'DXGI_ERROR_DEVICE_REMOVED' (compiling source file MainEngine.cpp)
C:\Program Files (x86)\Microsoft DirectX SDK (June 2010)\Include\dxgitype.h(26,1): warning C4005: 'DXGI_ERROR_DEVICE_HUNG': macro redefinition (compiling source file MainEngine.cpp)
C:\Program Files (x86)\Windows Kits\10\Include\10.0.18362.0\shared\winerror.h(55954): message : see previous definition of 'DXGI_ERROR_DEVICE_HUNG' (compiling source file MainEngine.cpp)
C:\Program Files (x86)\Microsoft DirectX SDK (June 2010)\Include\dxgitype.h(27,1): warning C4005: 'DXGI_ERROR_DEVICE_RESET': macro redefinition (compiling source file MainEngine.cpp)
C:\Program Files (x86)\Windows Kits\10\Include\10.0.18362.0\shared\winerror.h(55964): message : see previous definition of 'DXGI_ERROR_DEVICE_RESET' (compiling source file MainEngine.cpp)
C:\Program Files (x86)\Microsoft DirectX SDK (June 2010)\Include\dxgitype.h(28,1): warning C4005: 'DXGI_ERROR_WAS_STILL_DRAWING': macro redefinition (compiling source file MainEngine.cpp)
C:\Program Files (x86)\Windows Kits\10\Include\10.0.18362.0\shared\winerror.h(55973): message : see previous definition of 'DXGI_ERROR_WAS_STILL_DRAWING' (compiling source file MainEngine.cpp)
C:\Program Files (x86)\Microsoft DirectX SDK (June 2010)\Include\dxgitype.h(29,1): warning C4005: 'DXGI_ERROR_FRAME_STATISTICS_DISJOINT': macro redefinition (compiling source file MainEngine.cpp)
C:\Program Files (x86)\Windows Kits\10\Include\10.0.18362.0\shared\winerror.h(55983): message : see previous definition of 'DXGI_ERROR_FRAME_STATISTICS_DISJOINT' (compiling source file MainEngine.cpp)
C:\Program Files (x86)\Microsoft DirectX SDK (June 2010)\Include\dxgitype.h(30,1): warning C4005: 'DXGI_ERROR_GRAPHICS_VIDPN_SOURCE_IN_USE': macro redefinition (compiling source file MainEngine.cpp)
C:\Program Files (x86)\Windows Kits\10\Include\10.0.18362.0\shared\winerror.h(55992): message : see previous definition of 'DXGI_ERROR_GRAPHICS_VIDPN_SOURCE_IN_USE' (compiling source file MainEngine.cpp)
C:\Program Files (x86)\Microsoft DirectX SDK (June 2010)\Include\dxgitype.h(31,1): warning C4005: 'DXGI_ERROR_DRIVER_INTERNAL_ERROR': macro redefinition (compiling source file MainEngine.cpp)
C:\Program Files (x86)\Windows Kits\10\Include\10.0.18362.0\shared\winerror.h(56002): message : see previous definition of 'DXGI_ERROR_DRIVER_INTERNAL_ERROR' (compiling source file MainEngine.cpp)
C:\Program Files (x86)\Microsoft DirectX SDK (June 2010)\Include\dxgitype.h(32,1): warning C4005: 'DXGI_ERROR_NONEXCLUSIVE': macro redefinition (compiling source file MainEngine.cpp)
C:\Program Files (x86)\Windows Kits\10\Include\10.0.18362.0\shared\winerror.h(56011): message : see previous definition of 'DXGI_ERROR_NONEXCLUSIVE' (compiling source file MainEngine.cpp)
C:\Program Files (x86)\Microsoft DirectX SDK (June 2010)\Include\dxgitype.h(33,1): warning C4005: 'DXGI_ERROR_NOT_CURRENTLY_AVAILABLE': macro redefinition (compiling source file MainEngine.cpp)
C:\Program Files (x86)\Windows Kits\10\Include\10.0.18362.0\shared\winerror.h(56020): message : see previous definition of 'DXGI_ERROR_NOT_CURRENTLY_AVAILABLE' (compiling source file MainEngine.cpp)
C:\Program Files (x86)\Microsoft DirectX SDK (June 2010)\Include\dxgitype.h(34,1): warning C4005: 'DXGI_ERROR_REMOTE_CLIENT_DISCONNECTED': macro redefinition (compiling source file MainEngine.cpp)
C:\Program Files (x86)\Windows Kits\10\Include\10.0.18362.0\shared\winerror.h(56030): message : see previous definition of 'DXGI_ERROR_REMOTE_CLIENT_DISCONNECTED' (compiling source file MainEngine.cpp)
C:\Program Files (x86)\Microsoft DirectX SDK (June 2010)\Include\dxgitype.h(35,1): warning C4005: 'DXGI_ERROR_REMOTE_OUTOFMEMORY': macro redefinition (compiling source file MainEngine.cpp)
C:\Program Files (x86)\Windows Kits\10\Include\10.0.18362.0\shared\winerror.h(56039): message : see previous definition of 'DXGI_ERROR_REMOTE_OUTOFMEMORY' (compiling source file MainEngine.cpp)
C:\Program Files (x86)\Microsoft DirectX SDK (June 2010)\Include\D3D11.h(917,1): warning C4005: 'D3D11_ERROR_TOO_MANY_UNIQUE_STATE_OBJECTS': macro redefinition (compiling source file MainEngine.cpp)
C:\Program Files (x86)\Windows Kits\10\Include\10.0.18362.0\shared\winerror.h(56303): message : see previous definition of 'D3D11_ERROR_TOO_MANY_UNIQUE_STATE_OBJECTS' (compiling source file MainEngine.cpp)
C:\Program Files (x86)\Microsoft DirectX SDK (June 2010)\Include\D3D11.h(918,1): warning C4005: 'D3D11_ERROR_FILE_NOT_FOUND': macro redefinition (compiling source file MainEngine.cpp)
C:\Program Files (x86)\Windows Kits\10\Include\10.0.18362.0\shared\winerror.h(56312): message : see previous definition of 'D3D11_ERROR_FILE_NOT_FOUND' (compiling source file MainEngine.cpp)
C:\Program Files (x86)\Microsoft DirectX SDK (June 2010)\Include\D3D11.h(919,1): warning C4005: 'D3D11_ERROR_TOO_MANY_UNIQUE_VIEW_OBJECTS': macro redefinition (compiling source file MainEngine.cpp)
C:\Program Files (x86)\Windows Kits\10\Include\10.0.18362.0\shared\winerror.h(56322): message : see previous definition of 'D3D11_ERROR_TOO_MANY_UNIQUE_VIEW_OBJECTS' (compiling source file MainEngine.cpp)
C:\Program Files (x86)\Microsoft DirectX SDK (June 2010)\Include\D3D11.h(920,1): warning C4005: 'D3D11_ERROR_DEFERRED_CONTEXT_MAP_WITHOUT_INITIAL_DISCARD': macro redefinition (compiling source file MainEngine.cpp)
C:\Program Files (x86)\Windows Kits\10\Include\10.0.18362.0\shared\winerror.h(56331): message : see previous definition of 'D3D11_ERROR_DEFERRED_CONTEXT_MAP_WITHOUT_INITIAL_DISCARD' (compiling source file MainEngine.cpp)
C:\Program Files (x86)\Microsoft DirectX SDK (June 2010)\Include\d3d10.h(608,1): warning C4005: 'D3D10_ERROR_TOO_MANY_UNIQUE_STATE_OBJECTS': macro redefinition (compiling source file MainEngine.cpp)
C:\Program Files (x86)\Windows Kits\10\Include\10.0.18362.0\shared\winerror.h(56279): message : see previous definition of 'D3D10_ERROR_TOO_MANY_UNIQUE_STATE_OBJECTS' (compiling source file MainEngine.cpp)
C:\Program Files (x86)\Microsoft DirectX SDK (June 2010)\Include\d3d10.h(609,1): warning C4005: 'D3D10_ERROR_FILE_NOT_FOUND': macro redefinition (compiling source file MainEngine.cpp)
C:\Program Files (x86)\Windows Kits\10\Include\10.0.18362.0\shared\winerror.h(56288): message : see previous definition of 'D3D10_ERROR_FILE_NOT_FOUND' (compiling source file MainEngine.cpp)
  DirectX.vcxproj -> D:\User\Pol\Tecnocampus\4t Curs\TFG\IncrementalEngine\DirectX\Debug\DirectX.exe
